# JRE version: Java(TM) SE Runtime Environment (8.0_131-b11) (build 1.8.0_131-b11)
# Java VM: Java HotSpot(TM) 64-Bit Server VM (25.131-b11 mixed mode windows-amd64 compressed oops)
Heap:
 PSYoungGen      total 9728K, used 5109K [0x00000000f5f80000, 0x00000000f6a00000, 0x0000000100000000)
  eden space 8704K, 58% used [0x00000000f5f80000,0x00000000f647d490,0x00000000f6800000)
  from space 1024K, 0% used [0x00000000f6800000,0x00000000f6800000,0x00000000f6900000)
  to   space 1024K, 0% used [0x00000000f6900000,0x00000000f6900000,0x00000000f6a00000)
 ParOldGen       total 10752K, used 791K [0x00000000e1e00000, 0x00000000e2880000, 0x00000000f5f80000)
  object space 10752K, 7% used [0x00000000e1e00000,0x00000000e1ec5e18,0x00000000e2880000)
 Metaspace       used 5083K, capacity 5580K, committed 5760K, reserved 1058816K
  class space    used 569K, capacity 632K, committed 640K, reserved 1048576K
GC Heap History (4 events):
Event: 47.558 GC heap before
{Heap before GC invocations=1 (full 0):
 PSYoungGen      total 9728K, used 2563K [0x00000000f5f80000, 0x00000000f6a00000, 0x0000000100000000)
  eden space 8704K, 29% used [0x00000000f5f80000,0x00000000f6200cd0,0x00000000f6800000)
  from space 1024K, 0% used [0x00000000f6900000,0x00000000f6900000,0x00000000f6a00000)
  to   space 1024K, 0% used [0x00000000f6800000,0x00000000f6800000,0x00000000f6900000)
 ParOldGen       total 22016K, used 0K [0x00000000e1e00000, 0x00000000e3380000, 0x00000000f5f80000)
  object space 22016K, 0% used [0x00000000e1e00000,0x00000000e1e00000,0x00000000e3380000)
 Metaspace       used 3456K, capacity 4772K, committed 4864K, reserved 1060864K
  class space    used 372K, capacity 464K, committed 512K, reserved 1048576K
Event: 48.197 GC heap after
Heap after GC invocations=1 (full 0):
 PSYoungGen      total 9728K, used 899K [0x00000000f5f80000, 0x00000000f6a00000, 0x0000000100000000)
  eden space 8704K, 0% used [0x00000000f5f80000,0x00000000f5f80000,0x00000000f6800000)
  from space 1024K, 87% used [0x00000000f6800000,0x00000000f68e0c78,0x00000000f6900000)
  to   space 1024K, 0% used [0x00000000f6900000,0x00000000f6900000,0x00000000f6a00000)
 ParOldGen       total 22016K, used 8K [0x00000000e1e00000, 0x00000000e3380000, 0x00000000f5f80000)
  object space 22016K, 0% used [0x00000000e1e00000,0x00000000e1e02000,0x00000000e3380000)
 Metaspace       used 3456K, capacity 4772K, committed 4864K, reserved 1060864K
  class space    used 372K, capacity 464K, committed 512K, reserved 1048576K
}
Event: 48.197 GC heap before
{Heap before GC invocations=2 (full 1):
 PSYoungGen      total 9728K, used 899K [0x00000000f5f80000, 0x00000000f6a00000, 0x0000000100000000)
  eden space 8704K, 0% used [0x00000000f5f80000,0x00000000f5f80000,0x00000000f6800000)
  from space 1024K, 87% used [0x00000000f6800000,0x00000000f68e0c78,0x00000000f6900000)
  to   space 1024K, 0% used [0x00000000f6900000,0x00000000f6900000,0x00000000f6a00000)
 ParOldGen       total 22016K, used 8K [0x00000000e1e00000, 0x00000000e3380000, 0x00000000f5f80000)
  object space 22016K, 0% used [0x00000000e1e00000,0x00000000e1e02000,0x00000000e3380000)
 Metaspace       used 3456K, capacity 4772K, committed 4864K, reserved 1060864K
  class space    used 372K, capacity 464K, committed 512K, reserved 1048576K
Event: 48.255 GC heap after
Heap after GC invocations=2 (full 1):
 PSYoungGen      total 9728K, used 0K [0x00000000f5f80000, 0x00000000f6a00000, 0x0000000100000000)
  eden space 8704K, 0% used [0x00000000f5f80000,0x00000000f5f80000,0x00000000f6800000)
  from space 1024K, 0% used [0x00000000f6800000,0x00000000f6800000,0x00000000f6900000)
  to   space 1024K, 0% used [0x00000000f6900000,0x00000000f6900000,0x00000000f6a00000)
 ParOldGen       total 10752K, used 791K [0x00000000e1e00000, 0x00000000e2880000, 0x00000000f5f80000)
  object space 10752K, 7% used [0x00000000e1e00000,0x00000000e1ec5e18,0x00000000e2880000)
 Metaspace       used 3456K, capacity 4772K, committed 4864K, reserved 1058816K
  class space    used 372K, capacity 464K, committed 512K, reserved 1048576K
}

